<?xml version="1.0" encoding="UTF-8"?>
<!-- Generated by org.testng.reporters.JUnitReportReporter -->
<testsuite hostname="DESKTOP-40VQOD4" failures="0" tests="4" name="testCases.TC_003_Login_DataDrivenTest" time="27.613" errors="0" timestamp="2024-10-10T04:38:30 BDT" skipped="0">
  <testcase classname="testCases.TC_003_Login_DataDrivenTest" name="verifyLoginDDT" time="3.257"/>
  <system-out/>
  <testcase classname="testCases.TC_003_Login_DataDrivenTest" name="verifyLoginDDT" time="11.101"/>
  <system-out/>
  <testcase classname="testCases.TC_003_Login_DataDrivenTest" name="verifyLoginDDT" time="2.171"/>
  <system-out/>
  <testcase classname="testCases.TC_003_Login_DataDrivenTest" name="verifyLoginDDT" time="11.084"/>
  <system-out/>
</testsuite> <!-- testCases.TC_003_Login_DataDrivenTest -->
