<?xml version="1.0" encoding="UTF-8"?>
<!-- Generated by org.testng.reporters.JUnitReportReporter -->
<testsuite hostname="DESKTOP-40VQOD4" failures="0" tests="1" name="testCases.TC_002_LoginTest" time="1.760" errors="0" timestamp="2024-10-10T04:38:30 BDT" skipped="0">
  <testcase classname="testCases.TC_002_LoginTest" name="loginTest" time="1.760"/>
  <system-out/>
</testsuite> <!-- testCases.TC_002_LoginTest -->
