<?xml version="1.0" encoding="UTF-8"?>
<!-- Generated by org.testng.reporters.JUnitReportReporter -->
<testsuite hostname="DESKTOP-40VQOD4" failures="0" tests="4" name="testCases.TC_003_Login_DataDrivenTest" time="27.367" errors="0" timestamp="2024-10-16T13:44:09 BDT" skipped="0">
  <testcase classname="testCases.TC_003_Login_DataDrivenTest" name="verifyLoginDDT" time="1.925"/>
  <system-out/>
  <testcase classname="testCases.TC_003_Login_DataDrivenTest" name="verifyLoginDDT" time="2.664"/>
  <system-out/>
  <testcase classname="testCases.TC_003_Login_DataDrivenTest" name="verifyLoginDDT" time="11.438"/>
  <system-out/>
  <testcase classname="testCases.TC_003_Login_DataDrivenTest" name="verifyLoginDDT" time="11.340"/>
  <system-out/>
</testsuite> <!-- testCases.TC_003_Login_DataDrivenTest -->
