<?xml version="1.0" encoding="UTF-8"?>
<!-- Generated by org.testng.reporters.JUnitReportReporter -->
<testsuite hostname="DESKTOP-40VQOD4" failures="0" tests="1" name="testCases.TC_001_RegistrationTest" time="2.511" errors="0" timestamp="2024-10-06T13:55:57 BDT" skipped="0">
  <testcase classname="testCases.TC_001_RegistrationTest" name="Reg_test" time="2.511"/>
  <system-out/>
</testsuite> <!-- testCases.TC_001_RegistrationTest -->
