<?xml version="1.0" encoding="UTF-8"?>
<!-- Generated by org.testng.reporters.JUnitReportReporter -->
<testsuite hostname="DESKTOP-40VQOD4" failures="0" tests="4" name="testCases.TC_003_Login_DataDrivenTest" time="26.346" errors="0" timestamp="2024-10-08T22:20:45 BDT" skipped="0">
  <testcase classname="testCases.TC_003_Login_DataDrivenTest" name="verifyLoginDDT" time="11.267"/>
  <system-out/>
  <testcase classname="testCases.TC_003_Login_DataDrivenTest" name="verifyLoginDDT" time="1.873"/>
  <system-out/>
  <testcase classname="testCases.TC_003_Login_DataDrivenTest" name="verifyLoginDDT" time="2.115"/>
  <system-out/>
  <testcase classname="testCases.TC_003_Login_DataDrivenTest" name="verifyLoginDDT" time="11.091"/>
  <system-out/>
</testsuite> <!-- testCases.TC_003_Login_DataDrivenTest -->
