<?xml version="1.0" encoding="UTF-8"?>
<!-- Generated by org.testng.reporters.JUnitReportReporter -->
<testsuite hostname="DESKTOP-40VQOD4" failures="0" tests="1" name="testCases.TC_001_RegistrationTest" time="4.895" errors="0" timestamp="2024-09-18T14:57:30 BDT" skipped="0">
  <testcase classname="testCases.TC_001_RegistrationTest" name="Reg_test" time="4.895"/>
  <system-out/>
</testsuite> <!-- testCases.TC_001_RegistrationTest -->
