<?xml version="1.0" encoding="UTF-8"?>
<!-- Generated by org.testng.reporters.JUnitReportReporter -->
<testsuite hostname="DESKTOP-40VQOD4" failures="0" tests="4" name="testCases.TC_003_Login_DataDrivenTest" time="33.912" errors="0" timestamp="2024-10-13T22:45:18 BDT" skipped="0">
  <testcase classname="testCases.TC_003_Login_DataDrivenTest" name="verifyLoginDDT" time="11.928"/>
  <system-out/>
  <testcase classname="testCases.TC_003_Login_DataDrivenTest" name="verifyLoginDDT" time="11.585"/>
  <system-out/>
  <testcase classname="testCases.TC_003_Login_DataDrivenTest" name="verifyLoginDDT" time="3.626"/>
  <system-out/>
  <testcase classname="testCases.TC_003_Login_DataDrivenTest" name="verifyLoginDDT" time="6.773"/>
  <system-out/>
</testsuite> <!-- testCases.TC_003_Login_DataDrivenTest -->
