<?xml version="1.0" encoding="UTF-8"?>
<!-- Generated by org.testng.reporters.JUnitReportReporter -->
<testsuite hostname="DESKTOP-40VQOD4" failures="0" tests="1" name="testCases.TC_002_LoginTest" time="1.722" errors="0" timestamp="2024-10-08T13:59:15 BDT" skipped="0">
  <testcase classname="testCases.TC_002_LoginTest" name="loginTest" time="1.722"/>
  <system-out/>
</testsuite> <!-- testCases.TC_002_LoginTest -->
