<?xml version="1.0" encoding="UTF-8"?>
<!-- Generated by org.testng.reporters.JUnitReportReporter -->
<testsuite hostname="DESKTOP-40VQOD4" failures="0" tests="1" name="testCases.TC_002_LoginTest" time="2.492" errors="0" timestamp="2024-10-13T22:45:18 BDT" skipped="0">
  <testcase classname="testCases.TC_002_LoginTest" name="loginTest" time="2.492"/>
  <system-out/>
</testsuite> <!-- testCases.TC_002_LoginTest -->
