<?xml version="1.0" encoding="UTF-8"?>
<!-- Generated by org.testng.reporters.JUnitReportReporter -->
<testsuite hostname="DESKTOP-40VQOD4" failures="0" tests="4" name="testCases.TC_003_Login_DataDrivenTest" time="25.992" errors="0" timestamp="2024-10-16T14:32:28 BDT" skipped="0">
  <testcase classname="testCases.TC_003_Login_DataDrivenTest" name="verifyLoginDDT" time="11.335"/>
  <system-out/>
  <testcase classname="testCases.TC_003_Login_DataDrivenTest" name="verifyLoginDDT" time="1.940"/>
  <system-out/>
  <testcase classname="testCases.TC_003_Login_DataDrivenTest" name="verifyLoginDDT" time="11.052"/>
  <system-out/>
  <testcase classname="testCases.TC_003_Login_DataDrivenTest" name="verifyLoginDDT" time="1.665"/>
  <system-out/>
</testsuite> <!-- testCases.TC_003_Login_DataDrivenTest -->
